.F.
======================================================================
FAIL: test_details_main_insertion (ut.check_student)
----------------------------------------------------------------------
Traceback (most recent call last):
  File "C:\Users\umapriya.krishnan\Desktop\student_project\Student_project-kanth_feature\src\test\ut.py", line 49, in test
    self.assertEqual(comp == [], True, msg=table + " " + str(comp))
AssertionError: False != True : details_main [(2015160001, 'Krish', datetime.date(1998, 1, 16), 'Male', 'Giri', '65,garden street,sowcarpet,chennai-79', 9876543210, datetime.date(2016, 6, 5), datetime.datetime(2020, 7, 28, 0, 0), datetime.datetime(9999, 12, 31, 0, 0)), (2015160002, 'Kamal', datetime.date(1997, 11, 19), 'Male', 'Ford', '75,gudown street,saidapet,chennai-19', 8765432109, datetime.date(2016, 6, 5), datetime.datetime(2020, 7, 28, 0, 0), datetime.datetime(9999, 12, 31, 0, 0)), (2015160003, 'Hasan', datetime.date(1996, 10, 16), 'Male', 'Fransis', '05,madison street,T.nagar,chennai-09', 7654321089, datetime.date(2016, 6, 5), datetime.datetime(2020, 7, 28, 0, 0), datetime.datetime(9999, 12, 31, 0, 0)), (2015160004, 'Hasini', datetime.date(1997, 9, 6), 'Female', 'Shankar', '12,temple street,Mylapore,chennai-12', 6543210789, datetime.date(2016, 6, 5), datetime.datetime(2020, 7, 28, 0, 0), datetime.datetime(9999, 12, 31, 0, 0)), (2015160005, 'Mani', datetime.date(1997, 11, 14), 'Male', 'Raja', '65,nayagan street,fort,chennai-35', 5432109876, datetime.date(2017, 6, 10), datetime.datetime(2020, 7, 28, 0, 0), datetime.datetime(9999, 12, 31, 0, 0)), (2015160006, 'Rathnam', datetime.date(1998, 1, 21), 'Male', 'Rahman', '98,garden street,sowcarpet,chennai-79', 4321098765, datetime.date(2017, 6, 10), datetime.datetime(2020, 7, 28, 0, 0), datetime.datetime(9999, 12, 31, 0, 0)), (2015160007, 'Martin', datetime.date(1997, 2, 22), 'Male', 'Scorsese', '120,movie street,adayar,chennai-79', 3210987654, datetime.date(2017, 6, 10), datetime.datetime(2020, 7, 28, 0, 0), datetime.datetime(9999, 12, 31, 0, 0)), (2015160008, 'Anna Ben', datetime.date(1998, 3, 20), 'Female', 'Benny', '20,kaapala street,besent nagar,chennai-79', 9210876543, datetime.date(2017, 6, 10), datetime.datetime(2020, 7, 28, 0, 0), datetime.datetime(9999, 12, 31, 0, 0)), (2015160009, 'Salman', datetime.date(1998, 1, 20), 'Male', 'Khan', '65,bollywood street,north sennai,chennai-79', 9876054321, datetime.date(2018, 6, 19), datetime.datetime(2020, 7, 28, 0, 0), datetime.datetime(9999, 12, 31, 0, 0)), (2015170001, 'Sushant', datetime.date(1997, 5, 12), 'Male', 'Rajput', '15,nepot street,port,chennai-79', 9876504321, datetime.date(2018, 6, 19), datetime.datetime(2020, 7, 28, 0, 0), datetime.datetime(9999, 12, 31, 0, 0)), (2015170002, 'Aalia', datetime.date(1998, 1, 16), 'Female', 'Mahesh', '60,high street,vepery,chennai-79', 9874321065, datetime.date(2018, 6, 19), datetime.datetime(2020, 7, 28, 0, 0), datetime.datetime(9999, 12, 31, 0, 0)), (2015170003, 'Vijay', datetime.date(1996, 2, 17), 'Male', 'Joseph', '8,poyes street,T.Nagar,chennai-79', 9321087654, datetime.date(2018, 6, 19), datetime.datetime(2020, 7, 28, 0, 0), datetime.datetime(9999, 12, 31, 0, 0)), (2015170004, 'Fahad', datetime.date(1997, 5, 21), 'Male', 'Fazal', '95,klite street,bandher,chennai-79', 9872165430, datetime.date(2019, 6, 15), datetime.datetime(2020, 7, 28, 0, 0), datetime.datetime(9999, 12, 31, 0, 0)), (2015170005, 'Fathima', datetime.date(1998, 4, 16), 'Female', 'Begam', '5,garden street,sowcarpet,chennai-79', 9765432180, datetime.date(2019, 6, 15), datetime.datetime(2020, 7, 28, 0, 0), datetime.datetime(9999, 12, 31, 0, 0)), (2015170006, 'Dulquar', datetime.date(1998, 7, 23), 'Male', 'Salman', '36,mad street,wasercarpet,chennai-29', 9765432180, datetime.date(2019, 6, 15), datetime.datetime(2020, 7, 28, 0, 0), datetime.datetime(9999, 12, 31, 0, 0)), (2015170007, 'Shane', datetime.date(1997, 8, 19), 'Male', 'Nigam', '15,kids street,sekcarpet,chennai-19', 9765432180, datetime.date(2019, 6, 15), datetime.datetime(2020, 7, 28, 0, 0), datetime.datetime(9999, 12, 31, 0, 0))]

----------------------------------------------------------------------
Ran 3 tests in 0.191s

FAILED (failures=1)
